<?xml version="1.0" encoding="UTF-8"?>
<!-- Generated by org.testng.reporters.JUnitXMLReporter -->
<testsuite hostname="DESKTOP-SFIF1J7" ignored="0" name="Default test" tests="2" failures="0" timestamp="2022-04-24T19:49:02 IST" time="16.158" errors="0">
  <testcase name="TestCaseInvalid" time="2.991" classname="com.OrangeHRM.TestCases.B_LogInpageTestCases"/>
  <testcase name="TestCaseValid" time="7.447" classname="com.OrangeHRM.TestCases.B_LogInpageTestCases"/>
</testsuite> <!-- Default test -->
